<?xml version="1.0" encoding="UTF-8"?>
<!-- Generated by org.testng.reporters.JUnitReportReporter -->
<testsuite hostname="DELL3400" failures="0" tests="1" name="simplepackage.Test4" time="3.019" errors="1" timestamp="2025-08-10T16:57:57 IST" skipped="0">
  <testcase classname="simplepackage.Test4" name="Test23" time="3.019">
    <error message="Method simplepackage.Test4.Test23() didn&#039;t finish within the time-out 3000" type="org.testng.internal.thread.ThreadTimeoutException">
      <![CDATA[org.testng.internal.thread.ThreadTimeoutException: Method simplepackage.Test4.Test23() didn't finish within the time-out 3000
at java.base@17.0.12/java.lang.ProcessImpl.waitForTimeoutInterruptibly(Native Method)
at java.base@17.0.12/java.lang.ProcessImpl.waitFor(ProcessImpl.java:590)
at app//org.openqa.selenium.os.ExternalProcess.waitFor(ExternalProcess.java:291)
at app//org.openqa.selenium.manager.SeleniumManager.runCommand(SeleniumManager.java:144)
at app//org.openqa.selenium.manager.SeleniumManager.getBinaryPaths(SeleniumManager.java:254)
at app//org.openqa.selenium.remote.service.DriverFinder.getBinaryPaths(DriverFinder.java:104)
at app//org.openqa.selenium.remote.service.DriverFinder.getDriverPath(DriverFinder.java:55)
at app//org.openqa.selenium.chrome.ChromeDriver.generateExecutor(ChromeDriver.java:99)
at app//org.openqa.selenium.chrome.ChromeDriver.<init>(ChromeDriver.java:88)
at app//org.openqa.selenium.chrome.ChromeDriver.<init>(ChromeDriver.java:83)
at app//org.openqa.selenium.chrome.ChromeDriver.<init>(ChromeDriver.java:51)
at app//simplepackage.Test4.Test23(Test4.java:10)
at java.base@17.0.12/jdk.internal.reflect.NativeMethodAccessorImpl.invoke0(Native Method)
at java.base@17.0.12/jdk.internal.reflect.NativeMethodAccessorImpl.invoke(NativeMethodAccessorImpl.java:77)
at java.base@17.0.12/jdk.internal.reflect.DelegatingMethodAccessorImpl.invoke(DelegatingMethodAccessorImpl.java:43)
at java.base@17.0.12/java.lang.reflect.Method.invoke(Method.java:568)
at app//org.testng.internal.invokers.MethodInvocationHelper.invokeMethod(MethodInvocationHelper.java:141)
at app//org.testng.internal.invokers.InvokeMethodRunnable.runOne(InvokeMethodRunnable.java:47)
at app//org.testng.internal.invokers.InvokeMethodRunnable.call(InvokeMethodRunnable.java:76)
at app//org.testng.internal.invokers.InvokeMethodRunnable.call(InvokeMethodRunnable.java:11)
at java.base@17.0.12/java.util.concurrent.FutureTask.run(FutureTask.java:264)
at java.base@17.0.12/java.util.concurrent.ThreadPoolExecutor.runWorker(ThreadPoolExecutor.java:1136)
at java.base@17.0.12/java.util.concurrent.ThreadPoolExecutor$Worker.run(ThreadPoolExecutor.java:635)
at java.base@17.0.12/java.lang.Thread.run(Thread.java:842)
]]>
    </error>
  </testcase> <!-- Test23 -->
</testsuite> <!-- simplepackage.Test4 -->
